d:\предметы\3 сем\кпияп\мои лабы\labs\3laba(nasledovanie)\3laba(nasledovanie)\debug\vc140.pdb
d:\предметы\3 сем\кпияп\мои лабы\labs\3laba(nasledovanie)\3laba(nasledovanie)\debug\vc140.idb
d:\предметы\3 сем\кпияп\мои лабы\labs\3laba(nasledovanie)\3laba(nasledovanie)\debug\circle.obj
d:\предметы\3 сем\кпияп\мои лабы\labs\3laba(nasledovanie)\3laba(nasledovanie)\debug\twodshapes.obj
d:\предметы\3 сем\кпияп\мои лабы\labs\3laba(nasledovanie)\3laba(nasledovanie)\debug\main.obj
d:\предметы\3 сем\кпияп\мои лабы\labs\3laba(nasledovanie)\3laba(nasledovanie)\debug\rectangle.obj
d:\предметы\3 сем\кпияп\мои лабы\labs\3laba(nasledovanie)\3laba(nasledovanie)\debug\shape.obj
d:\предметы\3 сем\кпияп\мои лабы\labs\3laba(nasledovanie)\3laba(nasledovanie)\debug\triangle.obj
d:\предметы\3 сем\кпияп\мои лабы\labs\3laba(nasledovanie)\3laba(nasledovanie)\debug\threedshape.obj
d:\предметы\3 сем\кпияп\мои лабы\labs\3laba(nasledovanie)\3laba(nasledovanie)\debug\sphere.obj
d:\предметы\3 сем\кпияп\мои лабы\labs\3laba(nasledovanie)\3laba(nasledovanie)\debug\cylinder.obj
d:\предметы\3 сем\кпияп\мои лабы\labs\3laba(nasledovanie)\debug\3laba(nasledovanie).ilk
d:\предметы\3 сем\кпияп\мои лабы\labs\3laba(nasledovanie)\debug\3laba(nasledovanie).exe
d:\предметы\3 сем\кпияп\мои лабы\labs\3laba(nasledovanie)\debug\3laba(nasledovanie).pdb
d:\предметы\3 сем\кпияп\мои лабы\labs\3laba(nasledovanie)\3laba(nasledovanie)\debug\3laba(na.ea1ecdf6.tlog\cl.command.1.tlog
d:\предметы\3 сем\кпияп\мои лабы\labs\3laba(nasledovanie)\3laba(nasledovanie)\debug\3laba(na.ea1ecdf6.tlog\cl.read.1.tlog
d:\предметы\3 сем\кпияп\мои лабы\labs\3laba(nasledovanie)\3laba(nasledovanie)\debug\3laba(na.ea1ecdf6.tlog\cl.write.1.tlog
d:\предметы\3 сем\кпияп\мои лабы\labs\3laba(nasledovanie)\3laba(nasledovanie)\debug\3laba(na.ea1ecdf6.tlog\link.command.1.tlog
d:\предметы\3 сем\кпияп\мои лабы\labs\3laba(nasledovanie)\3laba(nasledovanie)\debug\3laba(na.ea1ecdf6.tlog\link.read.1.tlog
d:\предметы\3 сем\кпияп\мои лабы\labs\3laba(nasledovanie)\3laba(nasledovanie)\debug\3laba(na.ea1ecdf6.tlog\link.write.1.tlog
