d:\предметы\3 сем\кпияп\мои лабы\labs\file + exp + queue\file + exp + queue\debug\vc140.pdb
d:\предметы\3 сем\кпияп\мои лабы\labs\file + exp + queue\file + exp + queue\debug\vc140.idb
d:\предметы\3 сем\кпияп\мои лабы\labs\file + exp + queue\file + exp + queue\debug\binaryfile.obj
d:\предметы\3 сем\кпияп\мои лабы\labs\file + exp + queue\file + exp + queue\debug\businessman.obj
d:\предметы\3 сем\кпияп\мои лабы\labs\file + exp + queue\file + exp + queue\debug\file.obj
d:\предметы\3 сем\кпияп\мои лабы\labs\file + exp + queue\file + exp + queue\debug\human.obj
d:\предметы\3 сем\кпияп\мои лабы\labs\file + exp + queue\file + exp + queue\debug\interface.obj
d:\предметы\3 сем\кпияп\мои лабы\labs\file + exp + queue\file + exp + queue\debug\main.obj
d:\предметы\3 сем\кпияп\мои лабы\labs\file + exp + queue\file + exp + queue\debug\queue.obj
d:\предметы\3 сем\кпияп\мои лабы\labs\file + exp + queue\file + exp + queue\debug\safefunctions.obj
d:\предметы\3 сем\кпияп\мои лабы\labs\file + exp + queue\file + exp + queue\debug\textfile.obj
d:\предметы\3 сем\кпияп\мои лабы\labs\file + exp + queue\file + exp + queue\debug\tourist.obj
d:\предметы\3 сем\кпияп\мои лабы\labs\file + exp + queue\file + exp + queue\debug\workwithfiles.obj
d:\предметы\3 сем\кпияп\мои лабы\labs\file + exp + queue\debug\file + exp + queue.ilk
d:\предметы\3 сем\кпияп\мои лабы\labs\file + exp + queue\debug\file + exp + queue.exe
d:\предметы\3 сем\кпияп\мои лабы\labs\file + exp + queue\debug\file + exp + queue.pdb
d:\предметы\3 сем\кпияп\мои лабы\labs\file + exp + queue\file + exp + queue\debug\file + e.cce79482.tlog\cl.command.1.tlog
d:\предметы\3 сем\кпияп\мои лабы\labs\file + exp + queue\file + exp + queue\debug\file + e.cce79482.tlog\cl.read.1.tlog
d:\предметы\3 сем\кпияп\мои лабы\labs\file + exp + queue\file + exp + queue\debug\file + e.cce79482.tlog\cl.write.1.tlog
d:\предметы\3 сем\кпияп\мои лабы\labs\file + exp + queue\file + exp + queue\debug\file + e.cce79482.tlog\link.command.1.tlog
d:\предметы\3 сем\кпияп\мои лабы\labs\file + exp + queue\file + exp + queue\debug\file + e.cce79482.tlog\link.read.1.tlog
d:\предметы\3 сем\кпияп\мои лабы\labs\file + exp + queue\file + exp + queue\debug\file + e.cce79482.tlog\link.write.1.tlog
